[debug] [2021-10-19T17:30:04.162Z] ----------------------------------------------------------------------
[debug] [2021-10-19T17:30:04.165Z] Command:       D:\Program Files\nodejs\node.exe C:\Users\Administrator\AppData\Roaming\npm\node_modules\firebase-tools\lib\bin\firebase.js deploy
[debug] [2021-10-19T17:30:04.166Z] CLI Version:   9.20.0
[debug] [2021-10-19T17:30:04.166Z] Platform:      win32
[debug] [2021-10-19T17:30:04.166Z] Node Version:  v14.17.1
[debug] [2021-10-19T17:30:04.197Z] Time:          Tue Oct 19 2021 11:30:04 GMT-0600 (Mountain Daylight Time)
[debug] [2021-10-19T17:30:04.197Z] ----------------------------------------------------------------------
[debug] 
[debug] [2021-10-19T17:30:04.259Z] > command requires scopes: ["email","openid","https://www.googleapis.com/auth/cloudplatformprojects.readonly","https://www.googleapis.com/auth/firebase","https://www.googleapis.com/auth/cloud-platform"]
[debug] [2021-10-19T17:30:04.259Z] > authorizing via signed-in user (tayebrayhan101@gmail.com)
[debug] [2021-10-19T17:30:04.259Z] [iam] checking project availl-hospital for permissions ["firebase.projects.get","firebasehosting.sites.update"]
[debug] [2021-10-19T17:30:04.261Z] > refreshing access token with scopes: ["email","https://www.googleapis.com/auth/cloud-platform","https://www.googleapis.com/auth/cloudplatformprojects.readonly","https://www.googleapis.com/auth/firebase","openid"]
[debug] [2021-10-19T17:30:04.262Z] >>> HTTP REQUEST POST https://www.googleapis.com/oauth2/v3/token  
 <request body omitted>
[debug] [2021-10-19T17:30:08.569Z] <<< HTTP RESPONSE 200 {"date":"Tue, 19 Oct 2021 17:30:24 GMT","expires":"Mon, 01 Jan 1990 00:00:00 GMT","pragma":"no-cache","cache-control":"no-cache, no-store, max-age=0, must-revalidate","content-type":"application/json; charset=utf-8","vary":"X-Origin, Referer, Origin,Accept-Encoding","server":"scaffolding on HTTPServer2","x-xss-protection":"0","x-frame-options":"SAMEORIGIN","x-content-type-options":"nosniff","alt-svc":"h3=\":443\"; ma=2592000,h3-29=\":443\"; ma=2592000,h3-T051=\":443\"; ma=2592000,h3-Q050=\":443\"; ma=2592000,h3-Q046=\":443\"; ma=2592000,h3-Q043=\":443\"; ma=2592000,quic=\":443\"; ma=2592000; v=\"46,43\"","accept-ranges":"none","transfer-encoding":"chunked"}
[debug] [2021-10-19T17:30:08.583Z] >>> HTTP REQUEST POST https://cloudresourcemanager.googleapis.com/v1/projects/availl-hospital:testIamPermissions  
 {"permissions":["firebase.projects.get","firebasehosting.sites.update"]}
[debug] [2021-10-19T17:30:11.899Z] <<< HTTP RESPONSE 200 {"content-type":"application/json; charset=UTF-8","vary":"X-Origin, Referer, Origin,Accept-Encoding","date":"Tue, 19 Oct 2021 17:30:31 GMT","server":"ESF","cache-control":"private","x-xss-protection":"0","x-frame-options":"SAMEORIGIN","x-content-type-options":"nosniff","server-timing":"gfet4t7; dur=1145","alt-svc":"h3=\":443\"; ma=2592000,h3-29=\":443\"; ma=2592000,h3-T051=\":443\"; ma=2592000,h3-Q050=\":443\"; ma=2592000,h3-Q046=\":443\"; ma=2592000,h3-Q043=\":443\"; ma=2592000,quic=\":443\"; ma=2592000; v=\"46,43\"","accept-ranges":"none","transfer-encoding":"chunked"}
[debug] [2021-10-19T17:30:11.903Z] > refreshing access token with scopes: []
[debug] [2021-10-19T17:30:11.904Z] >>> HTTP REQUEST POST https://www.googleapis.com/oauth2/v3/token  
 <request body omitted>
